0 info it worked if it ends with ok
1 verbose cli [ '/usr/bin/nodejs', '/usr/bin/npm', 'run', 'server' ]
2 info using npm@3.5.2
3 info using node@v4.2.6
4 verbose run-script [ 'preserver', 'server', 'postserver' ]
5 info lifecycle mjava@1.0.0~preserver: mjava@1.0.0
6 silly lifecycle mjava@1.0.0~preserver: no script for preserver, continuing
7 info lifecycle mjava@1.0.0~server: mjava@1.0.0
8 verbose lifecycle mjava@1.0.0~server: unsafe-perm in lifecycle true
9 verbose lifecycle mjava@1.0.0~server: PATH: /usr/share/npm/bin/node-gyp-bin:/home/lionceau/Actualize/mjava/node_modules/.bin:/home/lionceau/.rbenv/shims:/home/lionceau/.rbenv/bin:/home/lionceau/.rbenv/plugins/ruby-build/bin:/home/lionceau/.rbenv/plugins/ruby-build/bin:/home/lionceau/.rbenv/shims:/home/lionceau/bin:/home/lionceau/.local/bin:/usr/local/sbin:/usr/local/bin:/usr/sbin:/usr/bin:/sbin:/bin:/usr/games:/usr/local/games:/snap/bin
10 verbose lifecycle mjava@1.0.0~server: CWD: /home/lionceau/Actualize/mjava
11 silly lifecycle mjava@1.0.0~server: Args: [ '-c', 'webpack-dev-server --hot --inline' ]
12 silly lifecycle mjava@1.0.0~server: Returned: code: 255  signal: null
13 info lifecycle mjava@1.0.0~server: Failed to exec server script
14 verbose stack Error: mjava@1.0.0 server: `webpack-dev-server --hot --inline`
14 verbose stack Exit status 255
14 verbose stack     at EventEmitter.<anonymous> (/usr/share/npm/lib/utils/lifecycle.js:232:16)
14 verbose stack     at emitTwo (events.js:87:13)
14 verbose stack     at EventEmitter.emit (events.js:172:7)
14 verbose stack     at ChildProcess.<anonymous> (/usr/share/npm/lib/utils/spawn.js:24:14)
14 verbose stack     at emitTwo (events.js:87:13)
14 verbose stack     at ChildProcess.emit (events.js:172:7)
14 verbose stack     at maybeClose (internal/child_process.js:821:16)
14 verbose stack     at Process.ChildProcess._handle.onexit (internal/child_process.js:211:5)
15 verbose pkgid mjava@1.0.0
16 verbose cwd /home/lionceau/Actualize/mjava
17 error Linux 4.4.0-66-generic
18 error argv "/usr/bin/nodejs" "/usr/bin/npm" "run" "server"
19 error node v4.2.6
20 error npm  v3.5.2
21 error code ELIFECYCLE
22 error mjava@1.0.0 server: `webpack-dev-server --hot --inline`
22 error Exit status 255
23 error Failed at the mjava@1.0.0 server script 'webpack-dev-server --hot --inline'.
23 error Make sure you have the latest version of node.js and npm installed.
23 error If you do, this is most likely a problem with the mjava package,
23 error not with npm itself.
23 error Tell the author that this fails on your system:
23 error     webpack-dev-server --hot --inline
23 error You can get information on how to open an issue for this project with:
23 error     npm bugs mjava
23 error Or if that isn't available, you can get their info via:
23 error     npm owner ls mjava
23 error There is likely additional logging output above.
24 verbose exit [ 1, true ]
